[INFO] Scanning for projects...
Downloading from local_repo: file:///app/local_repo/se/vandmo/maven-metadata.xml
Downloading from local_repo: file:///app/local_repo/org/jacoco/maven-metadata.xml
Downloading from local_repo: file:///app/local_repo/org/apache/maven/plugins/maven-metadata.xml
Downloading from local_repo: file:///app/local_repo/org/codehaus/mojo/maven-metadata.xml
Downloading from central: https://repo.maven.apache.org/maven2/org/jacoco/maven-metadata.xml
Downloading from central: https://repo.maven.apache.org/maven2/org/codehaus/mojo/maven-metadata.xml
Downloading from central: https://repo.maven.apache.org/maven2/org/apache/maven/plugins/maven-metadata.xml
Downloading from central: https://repo.maven.apache.org/maven2/se/vandmo/maven-metadata.xml
Progress (1): 237 BProgress (2): 237 B | 426 BProgress (3): 237 B | 426 B | 4.6 kBProgress (3): 237 B | 426 B | 9.7 kBProgress (3): 237 B | 426 B | 14 kB Progress (4): 237 B | 426 B | 14 kB | 3.3 kBProgress (4): 237 B | 426 B | 14 kB | 7.9 kBProgress (4): 237 B | 426 B | 14 kB | 12 kB                                            Downloaded from central: https://repo.maven.apache.org/maven2/org/apache/maven/plugins/maven-metadata.xml (14 kB at 27 kB/s)
Progress (3): 237 B | 426 B | 16 kB                                   Downloaded from central: https://repo.maven.apache.org/maven2/org/jacoco/maven-metadata.xml (237 B at 443 B/s)
Downloaded from central: https://repo.maven.apache.org/maven2/se/vandmo/maven-metadata.xml (426 B at 797 B/s)
Progress (1): 20 kBProgress (1): 21 kB                   Downloaded from central: https://repo.maven.apache.org/maven2/org/codehaus/mojo/maven-metadata.xml (21 kB at 36 kB/s)
[INFO] ------------------------------------------------------------------------
[INFO] BUILD FAILURE
[INFO] ------------------------------------------------------------------------
[INFO] Total time:  1.515 s
[INFO] Finished at: 2026-04-16T17:03:55Z
[INFO] ------------------------------------------------------------------------
[ERROR] No plugin found for prefix 'spotbugs' in the current project and in the plugin groups [org.jacoco, se.vandmo, org.apache.maven.plugins, org.codehaus.mojo] available from the repositories [local (/home/jules/.m2/repository), local_repo (file:///app/local_repo), central (https://repo.maven.apache.org/maven2)] -> [Help 1]
[ERROR]
[ERROR] To see the full stack trace of the errors, re-run Maven with the -e switch.
[ERROR] Re-run Maven using the -X switch to enable full debug logging.
[ERROR]
[ERROR] For more information about the errors and possible solutions, please read the following articles:
[ERROR] [Help 1] http://cwiki.apache.org/confluence/display/MAVEN/NoPluginFoundForPrefixException
